::1 - - [23/Nov/2025:05:40:45 +0000] "GET /api HTTP/1.1" 404 142 "-" "PostmanRuntime/7.50.0"
::1 - - [23/Nov/2025:05:41:05 +0000] "GET /api/movies HTTP/1.1" 200 258 "-" "PostmanRuntime/7.50.0"
::1 - - [23/Nov/2025:05:43:27 +0000] "POST /api/movies HTTP/1.1" 500 100 "-" "PostmanRuntime/7.50.0"
::1 - - [23/Nov/2025:05:43:44 +0000] "POST /api/movies HTTP/1.1" 201 126 "-" "PostmanRuntime/7.50.0"
::1 - - [23/Nov/2025:05:49:17 +0000] "GET /api/movies/1 HTTP/1.1" 200 127 "-" "PostmanRuntime/7.50.0"
::1 - - [23/Nov/2025:05:51:22 +0000] "PUT /api/movies/1 HTTP/1.1" 500 84 "-" "PostmanRuntime/7.50.0"
::1 - - [23/Nov/2025:05:51:32 +0000] "PUT /api/movies/1 HTTP/1.1" 500 84 "-" "PostmanRuntime/7.50.0"
::1 - - [23/Nov/2025:05:52:04 +0000] "PUT /api/movies/1 HTTP/1.1" 500 84 "-" "PostmanRuntime/7.50.0"
::1 - - [23/Nov/2025:05:52:34 +0000] "PUT /api/movies/1 HTTP/1.1" 500 84 "-" "PostmanRuntime/7.50.0"
::1 - - [23/Nov/2025:05:52:54 +0000] "PUT /api/movies/ HTTP/1.1" 404 150 "-" "PostmanRuntime/7.50.0"
::1 - - [23/Nov/2025:05:52:58 +0000] "PUT /api/movies/3 HTTP/1.1" 500 84 "-" "PostmanRuntime/7.50.0"
::1 - - [23/Nov/2025:05:54:16 +0000] "PUT /api/movies/1 HTTP/1.1" 500 84 "-" "PostmanRuntime/7.50.0"
::1 - - [23/Nov/2025:05:56:11 +0000] "PUT /api/movies/1 HTTP/1.1" 200 130 "-" "PostmanRuntime/7.50.0"
::1 - - [23/Nov/2025:05:56:56 +0000] "PUT /api/movies/1 HTTP/1.1" 200 147 "-" "PostmanRuntime/7.50.0"
::1 - - [23/Nov/2025:05:58:22 +0000] "DELETE /api/movies/2 HTTP/1.1" 204 - "-" "PostmanRuntime/7.50.0"
::1 - - [23/Nov/2025:06:02:00 +0000] "GET /api/info HTTP/1.1" 404 147 "-" "PostmanRuntime/7.50.0"
::1 - - [23/Nov/2025:06:02:31 +0000] "GET /api/info HTTP/1.1" 404 147 "-" "PostmanRuntime/7.50.0"
::1 - - [23/Nov/2025:06:04:16 +0000] "GET /api/info HTTP/1.1" 200 146 "-" "PostmanRuntime/7.50.0"
::1 - - [23/Nov/2025:06:07:37 +0000] "GET /api/info HTTP/1.1" 200 240 "-" "PostmanRuntime/7.50.0"
::1 - - [23/Nov/2025:06:09:48 +0000] "GET /api/health HTTP/1.1" 200 54 "-" "PostmanRuntime/7.50.0"
::1 - - [23/Nov/2025:06:17:14 +0000] "GET /api/salah-alamat HTTP/1.1" 404 155 "-" "PostmanRuntime/7.50.0"
::1 - - [23/Nov/2025:06:17:55 +0000] "GET /api/salah HTTP/1.1" 404 148 "-" "PostmanRuntime/7.50.0"
::1 - - [23/Nov/2025:06:18:01 +0000] "GET /api/salah-alamat HTTP/1.1" 404 155 "-" "PostmanRuntime/7.50.0"
::1 - - [23/Nov/2025:06:18:33 +0000] "GET /api/salah-alamat HTTP/1.1" 404 155 "-" "PostmanRuntime/7.50.0"
::1 - - [23/Nov/2025:06:23:39 +0000] "GET /api/salah-alamat HTTP/1.1" 404 54 "-" "PostmanRuntime/7.50.0"
::1 - - [23/Nov/2025:06:26:39 +0000] "GET /api/salah-alamat HTTP/1.1" 404 54 "-" "PostmanRuntime/7.50.0"
::1 - - [23/Nov/2025:06:28:18 +0000] "GET /api/movies HTTP/1.1" 200 258 "-" "PostmanRuntime/7.50.0"
::1 - - [23/Nov/2025:06:30:38 +0000] "GET /api/movies HTTP/1.1" 500 65 "-" "PostmanRuntime/7.50.0"
::1 - - [23/Nov/2025:06:31:13 +0000] "GET /api/movies HTTP/1.1" 200 258 "-" "PostmanRuntime/7.50.0"
